<?xml version="1.0" encoding="UTF-8"?>
<testsuite xmlns:xsi="http://www.w3.org/2001/XMLSchema-instance" xsi:noNamespaceSchemaLocation="https://maven.apache.org/surefire/maven-surefire-plugin/xsd/surefire-test-report-3.0.xsd" version="3.0" name="com.autoencode.backend.AppTest" time="0.03" tests="1" errors="0" skipped="0" failures="0">
  <properties>
    <property name="java.specification.version" value="24"/>
    <property name="sun.jnu.encoding" value="UTF-8"/>
    <property name="java.class.path" value="/Users/nishitpatel/Desktop/autoEncode/backend-jobs/target/test-classes:/Users/nishitpatel/Desktop/autoEncode/backend-jobs/target/classes:/Users/nishitpatel/.m2/repository/junit/junit/3.8.1/junit-3.8.1.jar:/Users/nishitpatel/.m2/repository/software/amazon/awssdk/dynamodb/2.25.38/dynamodb-2.25.38.jar:/Users/nishitpatel/.m2/repository/software/amazon/awssdk/aws-json-protocol/2.25.38/aws-json-protocol-2.25.38.jar:/Users/nishitpatel/.m2/repository/software/amazon/awssdk/third-party-jackson-core/2.25.38/third-party-jackson-core-2.25.38.jar:/Users/nishitpatel/.m2/repository/software/amazon/awssdk/protocol-core/2.25.38/protocol-core-2.25.38.jar:/Users/nishitpatel/.m2/repository/software/amazon/awssdk/profiles/2.25.38/profiles-2.25.38.jar:/Users/nishitpatel/.m2/repository/software/amazon/awssdk/http-auth-aws/2.25.38/http-auth-aws-2.25.38.jar:/Users/nishitpatel/.m2/repository/software/amazon/awssdk/checksums-spi/2.25.38/checksums-spi-2.25.38.jar:/Users/nishitpatel/.m2/repository/software/amazon/awssdk/checksums/2.25.38/checksums-2.25.38.jar:/Users/nishitpatel/.m2/repository/software/amazon/awssdk/sdk-core/2.25.38/sdk-core-2.25.38.jar:/Users/nishitpatel/.m2/repository/org/slf4j/slf4j-api/1.7.30/slf4j-api-1.7.30.jar:/Users/nishitpatel/.m2/repository/org/reactivestreams/reactive-streams/1.0.4/reactive-streams-1.0.4.jar:/Users/nishitpatel/.m2/repository/software/amazon/awssdk/auth/2.25.38/auth-2.25.38.jar:/Users/nishitpatel/.m2/repository/software/amazon/eventstream/eventstream/1.0.1/eventstream-1.0.1.jar:/Users/nishitpatel/.m2/repository/software/amazon/awssdk/http-auth-spi/2.25.38/http-auth-spi-2.25.38.jar:/Users/nishitpatel/.m2/repository/software/amazon/awssdk/http-auth/2.25.38/http-auth-2.25.38.jar:/Users/nishitpatel/.m2/repository/software/amazon/awssdk/identity-spi/2.25.38/identity-spi-2.25.38.jar:/Users/nishitpatel/.m2/repository/software/amazon/awssdk/http-client-spi/2.25.38/http-client-spi-2.25.38.jar:/Users/nishitpatel/.m2/repository/software/amazon/awssdk/regions/2.25.38/regions-2.25.38.jar:/Users/nishitpatel/.m2/repository/software/amazon/awssdk/annotations/2.25.38/annotations-2.25.38.jar:/Users/nishitpatel/.m2/repository/software/amazon/awssdk/utils/2.25.38/utils-2.25.38.jar:/Users/nishitpatel/.m2/repository/software/amazon/awssdk/aws-core/2.25.38/aws-core-2.25.38.jar:/Users/nishitpatel/.m2/repository/software/amazon/awssdk/metrics-spi/2.25.38/metrics-spi-2.25.38.jar:/Users/nishitpatel/.m2/repository/software/amazon/awssdk/json-utils/2.25.38/json-utils-2.25.38.jar:/Users/nishitpatel/.m2/repository/software/amazon/awssdk/endpoints-spi/2.25.38/endpoints-spi-2.25.38.jar:/Users/nishitpatel/.m2/repository/software/amazon/awssdk/apache-client/2.25.38/apache-client-2.25.38.jar:/Users/nishitpatel/.m2/repository/org/apache/httpcomponents/httpclient/4.5.13/httpclient-4.5.13.jar:/Users/nishitpatel/.m2/repository/commons-logging/commons-logging/1.2/commons-logging-1.2.jar:/Users/nishitpatel/.m2/repository/org/apache/httpcomponents/httpcore/4.4.13/httpcore-4.4.13.jar:/Users/nishitpatel/.m2/repository/commons-codec/commons-codec/1.15/commons-codec-1.15.jar:/Users/nishitpatel/.m2/repository/software/amazon/awssdk/netty-nio-client/2.25.38/netty-nio-client-2.25.38.jar:/Users/nishitpatel/.m2/repository/io/netty/netty-codec-http/4.1.108.Final/netty-codec-http-4.1.108.Final.jar:/Users/nishitpatel/.m2/repository/io/netty/netty-codec-http2/4.1.108.Final/netty-codec-http2-4.1.108.Final.jar:/Users/nishitpatel/.m2/repository/io/netty/netty-codec/4.1.108.Final/netty-codec-4.1.108.Final.jar:/Users/nishitpatel/.m2/repository/io/netty/netty-transport/4.1.108.Final/netty-transport-4.1.108.Final.jar:/Users/nishitpatel/.m2/repository/io/netty/netty-common/4.1.108.Final/netty-common-4.1.108.Final.jar:/Users/nishitpatel/.m2/repository/io/netty/netty-buffer/4.1.108.Final/netty-buffer-4.1.108.Final.jar:/Users/nishitpatel/.m2/repository/io/netty/netty-handler/4.1.108.Final/netty-handler-4.1.108.Final.jar:/Users/nishitpatel/.m2/repository/io/netty/netty-transport-native-unix-common/4.1.108.Final/netty-transport-native-unix-common-4.1.108.Final.jar:/Users/nishitpatel/.m2/repository/io/netty/netty-transport-classes-epoll/4.1.108.Final/netty-transport-classes-epoll-4.1.108.Final.jar:/Users/nishitpatel/.m2/repository/io/netty/netty-resolver/4.1.108.Final/netty-resolver-4.1.108.Final.jar:/Users/nishitpatel/.m2/repository/software/amazon/awssdk/sfn/2.25.38/sfn-2.25.38.jar:/Users/nishitpatel/.m2/repository/com/amazonaws/aws-lambda-java-core/1.2.3/aws-lambda-java-core-1.2.3.jar:/Users/nishitpatel/.m2/repository/com/amazonaws/aws-lambda-java-events/3.11.3/aws-lambda-java-events-3.11.3.jar:/Users/nishitpatel/.m2/repository/joda-time/joda-time/2.10.8/joda-time-2.10.8.jar:"/>
    <property name="java.vm.vendor" value="Homebrew"/>
    <property name="sun.arch.data.model" value="64"/>
    <property name="java.vendor.url" value="https://github.com/Homebrew/homebrew-core/issues"/>
    <property name="os.name" value="Mac OS X"/>
    <property name="java.vm.specification.version" value="24"/>
    <property name="sun.java.launcher" value="SUN_STANDARD"/>
    <property name="user.country" value="CA"/>
    <property name="sun.boot.library.path" value="/usr/local/Cellar/openjdk/24.0.1/libexec/openjdk.jdk/Contents/Home/lib"/>
    <property name="sun.java.command" value="/Users/nishitpatel/Desktop/autoEncode/backend-jobs/target/surefire/surefirebooter-20250610215123813_3.jar /Users/nishitpatel/Desktop/autoEncode/backend-jobs/target/surefire 2025-06-10T21-51-23_725-jvmRun1 surefire-20250610215123813_1tmp surefire_0-20250610215123813_2tmp"/>
    <property name="http.nonProxyHosts" value="local|*.local|169.254/16|*.169.254/16"/>
    <property name="jdk.debug" value="release"/>
    <property name="surefire.test.class.path" value="/Users/nishitpatel/Desktop/autoEncode/backend-jobs/target/test-classes:/Users/nishitpatel/Desktop/autoEncode/backend-jobs/target/classes:/Users/nishitpatel/.m2/repository/junit/junit/3.8.1/junit-3.8.1.jar:/Users/nishitpatel/.m2/repository/software/amazon/awssdk/dynamodb/2.25.38/dynamodb-2.25.38.jar:/Users/nishitpatel/.m2/repository/software/amazon/awssdk/aws-json-protocol/2.25.38/aws-json-protocol-2.25.38.jar:/Users/nishitpatel/.m2/repository/software/amazon/awssdk/third-party-jackson-core/2.25.38/third-party-jackson-core-2.25.38.jar:/Users/nishitpatel/.m2/repository/software/amazon/awssdk/protocol-core/2.25.38/protocol-core-2.25.38.jar:/Users/nishitpatel/.m2/repository/software/amazon/awssdk/profiles/2.25.38/profiles-2.25.38.jar:/Users/nishitpatel/.m2/repository/software/amazon/awssdk/http-auth-aws/2.25.38/http-auth-aws-2.25.38.jar:/Users/nishitpatel/.m2/repository/software/amazon/awssdk/checksums-spi/2.25.38/checksums-spi-2.25.38.jar:/Users/nishitpatel/.m2/repository/software/amazon/awssdk/checksums/2.25.38/checksums-2.25.38.jar:/Users/nishitpatel/.m2/repository/software/amazon/awssdk/sdk-core/2.25.38/sdk-core-2.25.38.jar:/Users/nishitpatel/.m2/repository/org/slf4j/slf4j-api/1.7.30/slf4j-api-1.7.30.jar:/Users/nishitpatel/.m2/repository/org/reactivestreams/reactive-streams/1.0.4/reactive-streams-1.0.4.jar:/Users/nishitpatel/.m2/repository/software/amazon/awssdk/auth/2.25.38/auth-2.25.38.jar:/Users/nishitpatel/.m2/repository/software/amazon/eventstream/eventstream/1.0.1/eventstream-1.0.1.jar:/Users/nishitpatel/.m2/repository/software/amazon/awssdk/http-auth-spi/2.25.38/http-auth-spi-2.25.38.jar:/Users/nishitpatel/.m2/repository/software/amazon/awssdk/http-auth/2.25.38/http-auth-2.25.38.jar:/Users/nishitpatel/.m2/repository/software/amazon/awssdk/identity-spi/2.25.38/identity-spi-2.25.38.jar:/Users/nishitpatel/.m2/repository/software/amazon/awssdk/http-client-spi/2.25.38/http-client-spi-2.25.38.jar:/Users/nishitpatel/.m2/repository/software/amazon/awssdk/regions/2.25.38/regions-2.25.38.jar:/Users/nishitpatel/.m2/repository/software/amazon/awssdk/annotations/2.25.38/annotations-2.25.38.jar:/Users/nishitpatel/.m2/repository/software/amazon/awssdk/utils/2.25.38/utils-2.25.38.jar:/Users/nishitpatel/.m2/repository/software/amazon/awssdk/aws-core/2.25.38/aws-core-2.25.38.jar:/Users/nishitpatel/.m2/repository/software/amazon/awssdk/metrics-spi/2.25.38/metrics-spi-2.25.38.jar:/Users/nishitpatel/.m2/repository/software/amazon/awssdk/json-utils/2.25.38/json-utils-2.25.38.jar:/Users/nishitpatel/.m2/repository/software/amazon/awssdk/endpoints-spi/2.25.38/endpoints-spi-2.25.38.jar:/Users/nishitpatel/.m2/repository/software/amazon/awssdk/apache-client/2.25.38/apache-client-2.25.38.jar:/Users/nishitpatel/.m2/repository/org/apache/httpcomponents/httpclient/4.5.13/httpclient-4.5.13.jar:/Users/nishitpatel/.m2/repository/commons-logging/commons-logging/1.2/commons-logging-1.2.jar:/Users/nishitpatel/.m2/repository/org/apache/httpcomponents/httpcore/4.4.13/httpcore-4.4.13.jar:/Users/nishitpatel/.m2/repository/commons-codec/commons-codec/1.15/commons-codec-1.15.jar:/Users/nishitpatel/.m2/repository/software/amazon/awssdk/netty-nio-client/2.25.38/netty-nio-client-2.25.38.jar:/Users/nishitpatel/.m2/repository/io/netty/netty-codec-http/4.1.108.Final/netty-codec-http-4.1.108.Final.jar:/Users/nishitpatel/.m2/repository/io/netty/netty-codec-http2/4.1.108.Final/netty-codec-http2-4.1.108.Final.jar:/Users/nishitpatel/.m2/repository/io/netty/netty-codec/4.1.108.Final/netty-codec-4.1.108.Final.jar:/Users/nishitpatel/.m2/repository/io/netty/netty-transport/4.1.108.Final/netty-transport-4.1.108.Final.jar:/Users/nishitpatel/.m2/repository/io/netty/netty-common/4.1.108.Final/netty-common-4.1.108.Final.jar:/Users/nishitpatel/.m2/repository/io/netty/netty-buffer/4.1.108.Final/netty-buffer-4.1.108.Final.jar:/Users/nishitpatel/.m2/repository/io/netty/netty-handler/4.1.108.Final/netty-handler-4.1.108.Final.jar:/Users/nishitpatel/.m2/repository/io/netty/netty-transport-native-unix-common/4.1.108.Final/netty-transport-native-unix-common-4.1.108.Final.jar:/Users/nishitpatel/.m2/repository/io/netty/netty-transport-classes-epoll/4.1.108.Final/netty-transport-classes-epoll-4.1.108.Final.jar:/Users/nishitpatel/.m2/repository/io/netty/netty-resolver/4.1.108.Final/netty-resolver-4.1.108.Final.jar:/Users/nishitpatel/.m2/repository/software/amazon/awssdk/sfn/2.25.38/sfn-2.25.38.jar:/Users/nishitpatel/.m2/repository/com/amazonaws/aws-lambda-java-core/1.2.3/aws-lambda-java-core-1.2.3.jar:/Users/nishitpatel/.m2/repository/com/amazonaws/aws-lambda-java-events/3.11.3/aws-lambda-java-events-3.11.3.jar:/Users/nishitpatel/.m2/repository/joda-time/joda-time/2.10.8/joda-time-2.10.8.jar:"/>
    <property name="sun.cpu.endian" value="little"/>
    <property name="user.home" value="/Users/nishitpatel"/>
    <property name="user.language" value="en"/>
    <property name="java.specification.vendor" value="Oracle Corporation"/>
    <property name="java.version.date" value="2025-04-15"/>
    <property name="java.home" value="/usr/local/Cellar/openjdk/24.0.1/libexec/openjdk.jdk/Contents/Home"/>
    <property name="file.separator" value="/"/>
    <property name="basedir" value="/Users/nishitpatel/Desktop/autoEncode/backend-jobs"/>
    <property name="java.vm.compressedOopsMode" value="Zero based"/>
    <property name="line.separator" value="&#10;"/>
    <property name="java.vm.specification.vendor" value="Oracle Corporation"/>
    <property name="java.specification.name" value="Java Platform API Specification"/>
    <property name="apple.awt.application.name" value="ForkedBooter"/>
    <property name="surefire.real.class.path" value="/Users/nishitpatel/Desktop/autoEncode/backend-jobs/target/surefire/surefirebooter-20250610215123813_3.jar"/>
    <property name="sun.management.compiler" value="HotSpot 64-Bit Tiered Compilers"/>
    <property name="ftp.nonProxyHosts" value="local|*.local|169.254/16|*.169.254/16"/>
    <property name="java.runtime.version" value="24.0.1"/>
    <property name="user.name" value="nishitpatel"/>
    <property name="stdout.encoding" value="UTF-8"/>
    <property name="path.separator" value=":"/>
    <property name="os.version" value="13.6"/>
    <property name="java.runtime.name" value="OpenJDK Runtime Environment"/>
    <property name="file.encoding" value="UTF-8"/>
    <property name="java.vm.name" value="OpenJDK 64-Bit Server VM"/>
    <property name="java.vendor.version" value="Homebrew"/>
    <property name="localRepository" value="/Users/nishitpatel/.m2/repository"/>
    <property name="java.vendor.url.bug" value="https://github.com/Homebrew/homebrew-core/issues"/>
    <property name="java.io.tmpdir" value="/var/folders/qv/qx5twtrj0ln_nr01x4wlb8bh0000gn/T/"/>
    <property name="java.version" value="24.0.1"/>
    <property name="user.dir" value="/Users/nishitpatel/Desktop/autoEncode/backend-jobs"/>
    <property name="os.arch" value="x86_64"/>
    <property name="java.vm.specification.name" value="Java Virtual Machine Specification"/>
    <property name="native.encoding" value="UTF-8"/>
    <property name="java.library.path" value="/Users/nishitpatel/Library/Java/Extensions:/Library/Java/Extensions:/Network/Library/Java/Extensions:/System/Library/Java/Extensions:/usr/lib/java:."/>
    <property name="java.vm.info" value="mixed mode, sharing"/>
    <property name="stderr.encoding" value="UTF-8"/>
    <property name="java.vendor" value="Homebrew"/>
    <property name="java.vm.version" value="24.0.1"/>
    <property name="sun.io.unicode.encoding" value="UnicodeBig"/>
    <property name="socksNonProxyHosts" value="local|*.local|169.254/16|*.169.254/16"/>
    <property name="java.class.version" value="68.0"/>
  </properties>
  <testcase name="testApp" classname="com.autoencode.backend.AppTest" time="0.003"/>
</testsuite>